[debug] [2023-01-05T13:29:38.253Z] ----------------------------------------------------------------------
[debug] [2023-01-05T13:29:38.255Z] Command:       C:\Program Files\nodejs\node.exe C:\Users\Utilisateur\AppData\Roaming\npm\node_modules\firebase-tools\lib\bin\firebase.js deploy
[debug] [2023-01-05T13:29:38.257Z] CLI Version:   11.19.0
[debug] [2023-01-05T13:29:38.257Z] Platform:      win32
[debug] [2023-01-05T13:29:38.258Z] Node Version:  v18.12.1
[debug] [2023-01-05T13:29:38.259Z] Time:          Thu Jan 05 2023 14:29:38 GMT+0100 (heure normale d’Europe centrale)
[debug] [2023-01-05T13:29:38.259Z] ----------------------------------------------------------------------
[debug] 
[debug] [2023-01-05T13:29:38.346Z] > command requires scopes: ["email","openid","https://www.googleapis.com/auth/cloudplatformprojects.readonly","https://www.googleapis.com/auth/firebase","https://www.googleapis.com/auth/cloud-platform"]
[debug] [2023-01-05T13:29:38.346Z] > authorizing via signed-in user (suleymanlaarabi1@gmail.com)
[debug] [2023-01-05T13:29:38.346Z] [iam] checking project valorant-client for permissions ["firebase.projects.get","firebasehosting.sites.update"]
[debug] [2023-01-05T13:29:38.348Z] > refreshing access token with scopes: []
[debug] [2023-01-05T13:29:38.350Z] >>> [apiv2][query] POST https://www.googleapis.com/oauth2/v3/token [none]
[debug] [2023-01-05T13:29:38.350Z] >>> [apiv2][body] POST https://www.googleapis.com/oauth2/v3/token [omitted]
[debug] [2023-01-05T13:29:59.493Z] [iam] error while checking permissions, command may fail: FirebaseError: Authentication Error: Your credentials are no longer valid. Please run firebase login --reauth

For CI servers and headless environments, generate a new token with firebase login:ci
[debug] [2023-01-05T13:29:59.494Z] > refreshing access token with scopes: []
[debug] [2023-01-05T13:29:59.495Z] >>> [apiv2][query] POST https://www.googleapis.com/oauth2/v3/token [none]
[debug] [2023-01-05T13:29:59.495Z] >>> [apiv2][body] POST https://www.googleapis.com/oauth2/v3/token [omitted]
[debug] [2023-01-05T13:30:20.529Z] Authentication Error: Your credentials are no longer valid. Please run firebase login --reauth

For CI servers and headless environments, generate a new token with firebase login:ci
[debug] [2023-01-05T13:30:20.536Z] FirebaseError: Authentication Error: Your credentials are no longer valid. Please run firebase login --reauth

For CI servers and headless environments, generate a new token with firebase login:ci
    at invalidCredentialError (C:\Users\Utilisateur\AppData\Roaming\npm\node_modules\firebase-tools\lib\auth.js:144:12)
    at refreshTokens (C:\Users\Utilisateur\AppData\Roaming\npm\node_modules\firebase-tools\lib\auth.js:508:15)
    at process.processTicksAndRejections (node:internal/process/task_queues:95:5)
    at async Client.getAccessToken (C:\Users\Utilisateur\AppData\Roaming\npm\node_modules\firebase-tools\lib\apiv2.js:149:23)
    at async Client.addAuthHeader (C:\Users\Utilisateur\AppData\Roaming\npm\node_modules\firebase-tools\lib\apiv2.js:140:21)
    at async Client.request (C:\Users\Utilisateur\AppData\Roaming\npm\node_modules\firebase-tools\lib\apiv2.js:96:34)
    at async getFirebaseProject (C:\Users\Utilisateur\AppData\Roaming\npm\node_modules\firebase-tools\lib\management\projects.js:295:21)
    at async getDefaultHostingSite (C:\Users\Utilisateur\AppData\Roaming\npm\node_modules\firebase-tools\lib\getDefaultHostingSite.js:8:21)
    at async requireHostingSite (C:\Users\Utilisateur\AppData\Roaming\npm\node_modules\firebase-tools\lib\requireHostingSite.js:9:18)
    at async Object.fn (C:\Users\Utilisateur\AppData\Roaming\npm\node_modules\firebase-tools\lib\commands\deploy.js:74:9)
    at async C:\Users\Utilisateur\AppData\Roaming\npm\node_modules\firebase-tools\lib\command.js:214:17
[error] 
[error] Error: Failed to get Firebase project valorant-client. Please make sure the project exists and your account has permission to access it.
